<?xml version="1.0" encoding="UTF-8"?>
<!-- Generated by org.testng.reporters.JUnitReportReporter -->
<testsuite skipped="0" hostname="DESKTOP-DL0LB1I" name="com.HRM.testCases.TC_001_LoginTestCase" tests="3" failures="0" timestamp="26 Dec 2021 13:09:39 GMT" time="18.281" errors="0">
  <testcase name="set_LoginCredentials" time="0.209" classname="com.HRM.testCases.TC_001_LoginTestCase"/>
  <testcase name="clickOnLoginButton" time="18.051" classname="com.HRM.testCases.TC_001_LoginTestCase"/>
  <testcase name="verifyTheTitle_HomePage" time="0.021" classname="com.HRM.testCases.TC_001_LoginTestCase"/>
</testsuite> <!-- com.HRM.testCases.TC_001_LoginTestCase -->
