<?xml version="1.0" encoding="UTF-8"?>
<!-- Generated by org.testng.reporters.JUnitReportReporter -->
<testsuite skipped="0" hostname="DESKTOP-DL0LB1I" name="com.HRM.testCases.TC_002_AddNewEmployeeAndVerifyLoginCredentials" tests="5" failures="0" timestamp="29 Dec 2021 08:03:30 GMT" time="34.616" errors="0">
  <testcase name="set_LoginCredentials" time="0.258" classname="com.HRM.testCases.TC_002_AddNewEmployeeAndVerifyLoginCredentials"/>
  <testcase name="clickOnLoginButton" time="4.830" classname="com.HRM.testCases.TC_002_AddNewEmployeeAndVerifyLoginCredentials"/>
  <testcase name="addEmployee" time="20.341" classname="com.HRM.testCases.TC_002_AddNewEmployeeAndVerifyLoginCredentials"/>
  <testcase name="LogoutFromApp" time="7.265" classname="com.HRM.testCases.TC_002_AddNewEmployeeAndVerifyLoginCredentials"/>
  <testcase name="LoginWithNewEmployee" time="1.922" classname="com.HRM.testCases.TC_002_AddNewEmployeeAndVerifyLoginCredentials"/>
</testsuite> <!-- com.HRM.testCases.TC_002_AddNewEmployeeAndVerifyLoginCredentials -->
